<?xml version="1.0" encoding="UTF-8"?>
<<<<<<< HEAD
<testsuite xmlns:xsi="http://www.w3.org/2001/XMLSchema-instance" xsi:noNamespaceSchemaLocation="https://maven.apache.org/surefire/maven-surefire-plugin/xsd/surefire-test-report-3.0.xsd" version="3.0" name="com.danielviana.AppTest" time="0.162" tests="1" errors="0" skipped="0" failures="0">
=======
<testsuite xmlns:xsi="http://www.w3.org/2001/XMLSchema-instance" xsi:noNamespaceSchemaLocation="https://maven.apache.org/surefire/maven-surefire-plugin/xsd/surefire-test-report-3.0.xsd" version="3.0" name="com.danielviana.AppTest" time="0.156" tests="1" errors="0" skipped="0" failures="0">
>>>>>>> 527cf7bd9330177117af1243f954f486440607d5
  <properties>
    <property name="java.specification.version" value="23"/>
    <property name="sun.cpu.isalist" value="amd64"/>
    <property name="sun.jnu.encoding" value="Cp1252"/>
<<<<<<< HEAD
    <property name="java.class.path" value="C:\Users\dani_\OneDrive\Área de Trabalho\Documents\Capgemini\postgresql-connector\target\test-classes;C:\Users\dani_\OneDrive\Área de Trabalho\Documents\Capgemini\postgresql-connector\target\classes;C:\Users\dani_\.m2\repository\org\postgresql\postgresql\42.6.0\postgresql-42.6.0.jar;C:\Users\dani_\.m2\repository\org\checkerframework\checker-qual\3.31.0\checker-qual-3.31.0.jar;C:\Users\dani_\.m2\repository\javax\servlet\jstl\1.2\jstl-1.2.jar;C:\Users\dani_\.m2\repository\javax\servlet\javax.servlet-api\4.0.1\javax.servlet-api-4.0.1.jar;C:\Users\dani_\.m2\repository\org\apache\tomcat\embed\tomcat-embed-jasper\9.0.102\tomcat-embed-jasper-9.0.102.jar;C:\Users\dani_\.m2\repository\org\apache\tomcat\embed\tomcat-embed-core\9.0.102\tomcat-embed-core-9.0.102.jar;C:\Users\dani_\.m2\repository\org\apache\tomcat\tomcat-annotations-api\9.0.102\tomcat-annotations-api-9.0.102.jar;C:\Users\dani_\.m2\repository\org\apache\tomcat\embed\tomcat-embed-el\9.0.102\tomcat-embed-el-9.0.102.jar;C:\Users\dani_\.m2\repository\org\eclipse\jdt\ecj\3.26.0\ecj-3.26.0.jar;C:\Users\dani_\.m2\repository\junit\junit\4.13.2\junit-4.13.2.jar;C:\Users\dani_\.m2\repository\org\hamcrest\hamcrest-core\1.3\hamcrest-core-1.3.jar;C:\Users\dani_\.m2\repository\org\slf4j\slf4j-api\1.7.32\slf4j-api-1.7.32.jar;C:\Users\dani_\.m2\repository\ch\qos\logback\logback-classic\1.2.6\logback-classic-1.2.6.jar;C:\Users\dani_\.m2\repository\ch\qos\logback\logback-core\1.2.6\logback-core-1.2.6.jar;"/>
=======
    <property name="java.class.path" value="C:\Users\dani_\OneDrive\Área de Trabalho\Documents\Capgemini\postgresql-connector\target\test-classes;C:\Users\dani_\OneDrive\Área de Trabalho\Documents\Capgemini\postgresql-connector\target\classes;C:\Users\dani_\.m2\repository\org\postgresql\postgresql\42.6.0\postgresql-42.6.0.jar;C:\Users\dani_\.m2\repository\org\checkerframework\checker-qual\3.31.0\checker-qual-3.31.0.jar;C:\Users\dani_\.m2\repository\javax\servlet\jstl\1.2\jstl-1.2.jar;C:\Users\dani_\.m2\repository\javax\servlet\javax.servlet-api\4.0.1\javax.servlet-api-4.0.1.jar;C:\Users\dani_\.m2\repository\com\fasterxml\jackson\core\jackson-databind\2.15.2\jackson-databind-2.15.2.jar;C:\Users\dani_\.m2\repository\com\fasterxml\jackson\core\jackson-annotations\2.15.2\jackson-annotations-2.15.2.jar;C:\Users\dani_\.m2\repository\com\fasterxml\jackson\core\jackson-core\2.15.2\jackson-core-2.15.2.jar;C:\Users\dani_\.m2\repository\org\mindrot\jbcrypt\0.4\jbcrypt-0.4.jar;C:\Users\dani_\.m2\repository\org\apache\tomcat\embed\tomcat-embed-jasper\9.0.102\tomcat-embed-jasper-9.0.102.jar;C:\Users\dani_\.m2\repository\org\apache\tomcat\embed\tomcat-embed-core\9.0.102\tomcat-embed-core-9.0.102.jar;C:\Users\dani_\.m2\repository\org\apache\tomcat\tomcat-annotations-api\9.0.102\tomcat-annotations-api-9.0.102.jar;C:\Users\dani_\.m2\repository\org\apache\tomcat\embed\tomcat-embed-el\9.0.102\tomcat-embed-el-9.0.102.jar;C:\Users\dani_\.m2\repository\org\eclipse\jdt\ecj\3.26.0\ecj-3.26.0.jar;C:\Users\dani_\.m2\repository\junit\junit\4.13.2\junit-4.13.2.jar;C:\Users\dani_\.m2\repository\org\hamcrest\hamcrest-core\1.3\hamcrest-core-1.3.jar;C:\Users\dani_\.m2\repository\org\slf4j\slf4j-api\1.7.32\slf4j-api-1.7.32.jar;C:\Users\dani_\.m2\repository\ch\qos\logback\logback-classic\1.2.6\logback-classic-1.2.6.jar;C:\Users\dani_\.m2\repository\ch\qos\logback\logback-core\1.2.6\logback-core-1.2.6.jar;C:\Users\dani_\.m2\repository\io\jsonwebtoken\jjwt-api\0.11.5\jjwt-api-0.11.5.jar;C:\Users\dani_\.m2\repository\io\jsonwebtoken\jjwt-impl\0.11.5\jjwt-impl-0.11.5.jar;C:\Users\dani_\.m2\repository\io\jsonwebtoken\jjwt-jackson\0.11.5\jjwt-jackson-0.11.5.jar;"/>
>>>>>>> 527cf7bd9330177117af1243f954f486440607d5
    <property name="java.vm.vendor" value="Oracle Corporation"/>
    <property name="sun.arch.data.model" value="64"/>
    <property name="user.variant" value=""/>
    <property name="java.vendor.url" value="https://java.oracle.com/"/>
    <property name="user.timezone" value="America/Sao_Paulo"/>
    <property name="os.name" value="Windows 10"/>
    <property name="java.vm.specification.version" value="23"/>
    <property name="sun.java.launcher" value="SUN_STANDARD"/>
    <property name="user.country" value="BR"/>
    <property name="sun.boot.library.path" value="C:\Oracle_JDK-23\bin"/>
<<<<<<< HEAD
    <property name="sun.java.command" value="C:\Users\dani_\AppData\Local\Temp\surefire18236096611402027709\surefirebooter-20250317171208821_3.jar C:\Users\dani_\AppData\Local\Temp\surefire18236096611402027709 2025-03-17T17-12-08_518-jvmRun1 surefire-20250317171208821_1tmp surefire_0-20250317171208821_2tmp"/>
=======
    <property name="sun.java.command" value="C:\Users\dani_\AppData\Local\Temp\surefire10551460458464663294\surefirebooter-20250311024137854_3.jar C:\Users\dani_\AppData\Local\Temp\surefire10551460458464663294 2025-03-11T02-41-36_988-jvmRun1 surefire-20250311024137854_1tmp surefire_0-20250311024137854_2tmp"/>
>>>>>>> 527cf7bd9330177117af1243f954f486440607d5
    <property name="jdk.debug" value="release"/>
    <property name="surefire.test.class.path" value="C:\Users\dani_\OneDrive\Área de Trabalho\Documents\Capgemini\postgresql-connector\target\test-classes;C:\Users\dani_\OneDrive\Área de Trabalho\Documents\Capgemini\postgresql-connector\target\classes;C:\Users\dani_\.m2\repository\org\postgresql\postgresql\42.6.0\postgresql-42.6.0.jar;C:\Users\dani_\.m2\repository\org\checkerframework\checker-qual\3.31.0\checker-qual-3.31.0.jar;C:\Users\dani_\.m2\repository\javax\servlet\jstl\1.2\jstl-1.2.jar;C:\Users\dani_\.m2\repository\javax\servlet\javax.servlet-api\4.0.1\javax.servlet-api-4.0.1.jar;C:\Users\dani_\.m2\repository\com\fasterxml\jackson\core\jackson-databind\2.15.2\jackson-databind-2.15.2.jar;C:\Users\dani_\.m2\repository\com\fasterxml\jackson\core\jackson-annotations\2.15.2\jackson-annotations-2.15.2.jar;C:\Users\dani_\.m2\repository\com\fasterxml\jackson\core\jackson-core\2.15.2\jackson-core-2.15.2.jar;C:\Users\dani_\.m2\repository\org\mindrot\jbcrypt\0.4\jbcrypt-0.4.jar;C:\Users\dani_\.m2\repository\org\apache\tomcat\embed\tomcat-embed-jasper\9.0.102\tomcat-embed-jasper-9.0.102.jar;C:\Users\dani_\.m2\repository\org\apache\tomcat\embed\tomcat-embed-core\9.0.102\tomcat-embed-core-9.0.102.jar;C:\Users\dani_\.m2\repository\org\apache\tomcat\tomcat-annotations-api\9.0.102\tomcat-annotations-api-9.0.102.jar;C:\Users\dani_\.m2\repository\org\apache\tomcat\embed\tomcat-embed-el\9.0.102\tomcat-embed-el-9.0.102.jar;C:\Users\dani_\.m2\repository\org\eclipse\jdt\ecj\3.26.0\ecj-3.26.0.jar;C:\Users\dani_\.m2\repository\junit\junit\4.13.2\junit-4.13.2.jar;C:\Users\dani_\.m2\repository\org\hamcrest\hamcrest-core\1.3\hamcrest-core-1.3.jar;C:\Users\dani_\.m2\repository\org\slf4j\slf4j-api\1.7.32\slf4j-api-1.7.32.jar;C:\Users\dani_\.m2\repository\ch\qos\logback\logback-classic\1.2.6\logback-classic-1.2.6.jar;C:\Users\dani_\.m2\repository\ch\qos\logback\logback-core\1.2.6\logback-core-1.2.6.jar;C:\Users\dani_\.m2\repository\io\jsonwebtoken\jjwt-api\0.11.5\jjwt-api-0.11.5.jar;C:\Users\dani_\.m2\repository\io\jsonwebtoken\jjwt-impl\0.11.5\jjwt-impl-0.11.5.jar;C:\Users\dani_\.m2\repository\io\jsonwebtoken\jjwt-jackson\0.11.5\jjwt-jackson-0.11.5.jar;"/>
    <property name="sun.cpu.endian" value="little"/>
    <property name="user.home" value="C:\Users\dani_"/>
    <property name="user.language" value="pt"/>
    <property name="java.specification.vendor" value="Oracle Corporation"/>
    <property name="java.version.date" value="2025-01-21"/>
    <property name="java.home" value="C:\Oracle_JDK-23"/>
    <property name="file.separator" value="\"/>
    <property name="basedir" value="C:\Users\dani_\OneDrive\Área de Trabalho\Documents\Capgemini\postgresql-connector"/>
    <property name="java.vm.compressedOopsMode" value="32-bit"/>
    <property name="line.separator" value="&#10;"/>
    <property name="java.vm.specification.vendor" value="Oracle Corporation"/>
    <property name="java.specification.name" value="Java Platform API Specification"/>
<<<<<<< HEAD
    <property name="surefire.real.class.path" value="C:\Users\dani_\AppData\Local\Temp\surefire18236096611402027709\surefirebooter-20250317171208821_3.jar"/>
=======
    <property name="surefire.real.class.path" value="C:\Users\dani_\AppData\Local\Temp\surefire10551460458464663294\surefirebooter-20250311024137854_3.jar"/>
>>>>>>> 527cf7bd9330177117af1243f954f486440607d5
    <property name="user.script" value=""/>
    <property name="sun.management.compiler" value="HotSpot 64-Bit Tiered Compilers"/>
    <property name="java.runtime.version" value="23.0.2+7-58"/>
    <property name="user.name" value="dani_"/>
    <property name="stdout.encoding" value="UTF-8"/>
    <property name="path.separator" value=";"/>
    <property name="os.version" value="10.0"/>
    <property name="java.runtime.name" value="Java(TM) SE Runtime Environment"/>
    <property name="file.encoding" value="UTF-8"/>
    <property name="java.vm.name" value="Java HotSpot(TM) 64-Bit Server VM"/>
    <property name="localRepository" value="C:\Users\dani_\.m2\repository"/>
    <property name="java.vendor.url.bug" value="https://bugreport.java.com/bugreport/"/>
    <property name="java.io.tmpdir" value="C:\Users\dani_\AppData\Local\Temp\"/>
    <property name="java.version" value="23.0.2"/>
    <property name="user.dir" value="C:\Users\dani_\OneDrive\Área de Trabalho\Documents\Capgemini\postgresql-connector"/>
    <property name="os.arch" value="amd64"/>
    <property name="java.vm.specification.name" value="Java Virtual Machine Specification"/>
    <property name="sun.os.patch.level" value=""/>
    <property name="native.encoding" value="Cp1252"/>
    <property name="java.library.path" value="C:\Oracle_JDK-23\bin;C:\WINDOWS\Sun\Java\bin;C:\WINDOWS\system32;C:\WINDOWS;C:\Users\dani_\AppData\Roaming\Code\User\globalStorage\pleiades.java-extension-pack-jdk\gradle\latest\bin;C:\Users\dani_\AppData\Roaming\Code\User\globalStorage\pleiades.java-extension-pack-jdk\maven\latest\bin;C:\Oracle_JDK-23\bin;C:\Program Files\Java\jdk-21\bin;C:\Program Files\Eclipse Adoptium\jdk-17.0.14.7-hotspot\bin;C:\Python312\Scripts\;C:\Python312\;C:\WINDOWS\system32;C:\WINDOWS;C:\WINDOWS\System32\Wbem;C:\WINDOWS\System32\WindowsPowerShell\v1.0\;C:\WINDOWS\System32\OpenSSH\;C:\Program Files\Git\cmd;C:\ProgramData\chocolatey\bin;C:\Users\dani_\.config\herd\bin\nvm;C:\Program Files\nodejs;C:\Users\dani_\.console-ninja\.bin;C:\Users\dani_\AppData\Local\Microsoft\WindowsApps;C:\Users\dani_\AppData\Local\Programs\Microsoft VS Code\bin;C:\Users\dani_\.config\herd\bin\nvm;C:\Users\dani_\.config\herd\bin\nvm\v20.18.0;C:\Oracle_JDK-23\bin;;c:\Users\dani_\AppData\Roaming\Code\User\globalStorage\github.copilot-chat\debugCommand;."/>
    <property name="java.vm.info" value="mixed mode, sharing"/>
    <property name="stderr.encoding" value="UTF-8"/>
    <property name="java.vendor" value="Oracle Corporation"/>
    <property name="java.vm.version" value="23.0.2+7-58"/>
    <property name="sun.io.unicode.encoding" value="UnicodeLittle"/>
    <property name="java.class.version" value="67.0"/>
  </properties>
<<<<<<< HEAD
  <testcase name="shouldAnswerWithTrue" classname="com.danielviana.AppTest" time="0.01"/>
=======
  <testcase name="shouldAnswerWithTrue" classname="com.danielviana.AppTest" time="0.008"/>
>>>>>>> 527cf7bd9330177117af1243f954f486440607d5
</testsuite>